2013/08/26 10:26:52 [error] [system.db.CDbCommand] CDbCommand::fetchAll() failed: SQLSTATE[42S02]: Base table or view not found: 1146 Table 'c9.tbl_post' doesn't exist. The SQL statement executed was: SHOW FULL COLUMNS FROM `tbl_post`.
2013/08/26 10:26:52 [error] [exception.CDbException] exception 'CDbException' with message 'The table "{{post}}" for active record class "Post" cannot be found in the database.' in /var/lib/stickshift/5214cc8250044611b1000067/app-root/data/590137/yii/framework/db/ar/CActiveRecord.php:2362
Stack trace:
#0 /var/lib/stickshift/5214cc8250044611b1000067/app-root/data/590137/yii/framework/db/ar/CActiveRecord.php(411): CActiveRecordMetaData->__construct(Object(Post))
#1 /var/lib/stickshift/5214cc8250044611b1000067/app-root/data/590137/yii/framework/db/ar/CActiveRecord.php(658): CActiveRecord->getMetaData()
#2 /var/lib/stickshift/5214cc8250044611b1000067/app-root/data/590137/yii/framework/db/ar/CActiveFinder.php(389): CActiveRecord->getTableSchema()
#3 /var/lib/stickshift/5214cc8250044611b1000067/app-root/data/590137/yii/framework/db/ar/CActiveFinder.php(47): CJoinElement->__construct(Object(CActiveFinder), Object(Post))
#4 /var/lib/stickshift/5214cc8250044611b1000067/app-root/data/590137/yii/framework/db/ar/CActiveRecord.php(909): CActiveFinder->__construct(Object(Post), 'commentCount')
#5 /var/lib/stickshift/5214cc8250044611b1000067/app-root/data/590137/yii/framework/db/ar/CActiveRecord.php(1604): CActiveRecord->getActiveFinder('commentCount')
#6 /var/lib/stickshift/5214cc8250044611b1000067/app-root/data/590137/yii/framework/web/CActiveDataProvider.php(228): CActiveRecord->count(Object(CDbCriteria))
#7 /var/lib/stickshift/5214cc8250044611b1000067/app-root/data/590137/yii/framework/web/CDataProvider.php(224): CActiveDataProvider->calculateTotalItemCount()
#8 /var/lib/stickshift/5214cc8250044611b1000067/app-root/data/590137/yii/framework/web/CActiveDataProvider.php(178): CDataProvider->getTotalItemCount()
#9 /var/lib/stickshift/5214cc8250044611b1000067/app-root/data/590137/yii/framework/web/CDataProvider.php(168): CActiveDataProvider->fetchData()
#10 /var/lib/stickshift/5214cc8250044611b1000067/app-root/data/590137/yii/framework/zii/widgets/CBaseListView.php(111): CDataProvider->getData()
#11 /var/lib/stickshift/5214cc8250044611b1000067/app-root/data/590137/yii/framework/zii/widgets/CListView.php(211): CBaseListView->init()
#12 /var/lib/stickshift/5214cc8250044611b1000067/app-root/data/590137/yii/framework/web/CBaseController.php(147): CListView->init()
#13 /var/lib/stickshift/5214cc8250044611b1000067/app-root/data/590137/yii/framework/web/CBaseController.php(172): CBaseController->createWidget('zii.widgets.CLi...', Array)
#14 /var/lib/stickshift/5214cc8250044611b1000067/app-root/data/590137/protected/views/post/index.php(9): CBaseController->widget('zii.widgets.CLi...', Array)
#15 /var/lib/stickshift/5214cc8250044611b1000067/app-root/data/590137/yii/framework/web/CBaseController.php(126): require('/var/lib/sticks...')
#16 /var/lib/stickshift/5214cc8250044611b1000067/app-root/data/590137/yii/framework/web/CBaseController.php(95): CBaseController->renderInternal('/var/lib/sticks...', Array, true)
#17 /var/lib/stickshift/5214cc8250044611b1000067/app-root/data/590137/yii/framework/web/CController.php(869): CBaseController->renderFile('/var/lib/sticks...', Array, true)
#18 /var/lib/stickshift/5214cc8250044611b1000067/app-root/data/590137/yii/framework/web/CController.php(782): CController->renderPartial('index', Array, true)
#19 /var/lib/stickshift/5214cc8250044611b1000067/app-root/data/590137/protected/controllers/PostController.php(136): CController->render('index', Array)
#20 /var/lib/stickshift/5214cc8250044611b1000067/app-root/data/590137/yii/framework/web/actions/CInlineAction.php(49): PostController->actionIndex()
#21 /var/lib/stickshift/5214cc8250044611b1000067/app-root/data/590137/yii/framework/web/CController.php(308): CInlineAction->runWithParams(Array)
#22 /var/lib/stickshift/5214cc8250044611b1000067/app-root/data/590137/yii/framework/web/filters/CFilterChain.php(133): CController->runAction(Object(CInlineAction))
#23 /var/lib/stickshift/5214cc8250044611b1000067/app-root/data/590137/yii/framework/web/filters/CFilter.php(40): CFilterChain->run()
#24 /var/lib/stickshift/5214cc8250044611b1000067/app-root/data/590137/yii/framework/web/CController.php(1145): CFilter->filter(Object(CFilterChain))
#25 /var/lib/stickshift/5214cc8250044611b1000067/app-root/data/590137/yii/framework/web/filters/CInlineFilter.php(58): CController->filterAccessControl(Object(CFilterChain))
#26 /var/lib/stickshift/5214cc8250044611b1000067/app-root/data/590137/yii/framework/web/filters/CFilterChain.php(130): CInlineFilter->filter(Object(CFilterChain))
#27 /var/lib/stickshift/5214cc8250044611b1000067/app-root/data/590137/yii/framework/web/CController.php(291): CFilterChain->run()
#28 /var/lib/stickshift/5214cc8250044611b1000067/app-root/data/590137/yii/framework/web/CController.php(265): CController->runActionWithFilters(Object(CInlineAction), Array)
#29 /var/lib/stickshift/5214cc8250044611b1000067/app-root/data/590137/yii/framework/web/CWebApplication.php(282): CController->run('')
#30 /var/lib/stickshift/5214cc8250044611b1000067/app-root/data/590137/yii/framework/web/CWebApplication.php(141): CWebApplication->runController('')
#31 /var/lib/stickshift/5214cc8250044611b1000067/app-root/data/590137/yii/framework/base/CApplication.php(180): CWebApplication->processRequest()
#32 /var/lib/stickshift/5214cc8250044611b1000067/app-root/data/590137/index.php(13): CApplication->run()
#33 {main}
REQUEST_URI=/index.php
---
2013/08/26 10:41:52 [error] [exception.CException] exception 'CException' with message 'CAssetManager.basePath "/var/lib/stickshift/5214cc8250044611b1000067/app-root/data/590137/assets" is invalid. Please make sure the directory exists and is writable by the Web server process.' in /var/lib/stickshift/5214cc8250044611b1000067/app-root/data/590137/yii/framework/web/CAssetManager.php:138
Stack trace:
#0 /var/lib/stickshift/5214cc8250044611b1000067/app-root/data/590137/yii/framework/web/CAssetManager.php(123): CAssetManager->setBasePath('/var/lib/sticks...')
#1 /var/lib/stickshift/5214cc8250044611b1000067/app-root/data/590137/yii/framework/web/CAssetManager.php(217): CAssetManager->getBasePath()
#2 /var/lib/stickshift/5214cc8250044611b1000067/app-root/data/590137/yii/framework/zii/widgets/CListView.php(217): CAssetManager->publish('/var/lib/sticks...')
#3 /var/lib/stickshift/5214cc8250044611b1000067/app-root/data/590137/yii/framework/web/CBaseController.php(147): CListView->init()
#4 /var/lib/stickshift/5214cc8250044611b1000067/app-root/data/590137/yii/framework/web/CBaseController.php(172): CBaseController->createWidget('zii.widgets.CLi...', Array)
#5 /var/lib/stickshift/5214cc8250044611b1000067/app-root/data/590137/protected/views/post/index.php(9): CBaseController->widget('zii.widgets.CLi...', Array)
#6 /var/lib/stickshift/5214cc8250044611b1000067/app-root/data/590137/yii/framework/web/CBaseController.php(126): require('/var/lib/sticks...')
#7 /var/lib/stickshift/5214cc8250044611b1000067/app-root/data/590137/yii/framework/web/CBaseController.php(95): CBaseController->renderInternal('/var/lib/sticks...', Array, true)
#8 /var/lib/stickshift/5214cc8250044611b1000067/app-root/data/590137/yii/framework/web/CController.php(869): CBaseController->renderFile('/var/lib/sticks...', Array, true)
#9 /var/lib/stickshift/5214cc8250044611b1000067/app-root/data/590137/yii/framework/web/CController.php(782): CController->renderPartial('index', Array, true)
#10 /var/lib/stickshift/5214cc8250044611b1000067/app-root/data/590137/protected/controllers/PostController.php(136): CController->render('index', Array)
#11 /var/lib/stickshift/5214cc8250044611b1000067/app-root/data/590137/yii/framework/web/actions/CInlineAction.php(49): PostController->actionIndex()
#12 /var/lib/stickshift/5214cc8250044611b1000067/app-root/data/590137/yii/framework/web/CController.php(308): CInlineAction->runWithParams(Array)
#13 /var/lib/stickshift/5214cc8250044611b1000067/app-root/data/590137/yii/framework/web/filters/CFilterChain.php(133): CController->runAction(Object(CInlineAction))
#14 /var/lib/stickshift/5214cc8250044611b1000067/app-root/data/590137/yii/framework/web/filters/CFilter.php(40): CFilterChain->run()
#15 /var/lib/stickshift/5214cc8250044611b1000067/app-root/data/590137/yii/framework/web/CController.php(1145): CFilter->filter(Object(CFilterChain))
#16 /var/lib/stickshift/5214cc8250044611b1000067/app-root/data/590137/yii/framework/web/filters/CInlineFilter.php(58): CController->filterAccessControl(Object(CFilterChain))
#17 /var/lib/stickshift/5214cc8250044611b1000067/app-root/data/590137/yii/framework/web/filters/CFilterChain.php(130): CInlineFilter->filter(Object(CFilterChain))
#18 /var/lib/stickshift/5214cc8250044611b1000067/app-root/data/590137/yii/framework/web/CController.php(291): CFilterChain->run()
#19 /var/lib/stickshift/5214cc8250044611b1000067/app-root/data/590137/yii/framework/web/CController.php(265): CController->runActionWithFilters(Object(CInlineAction), Array)
#20 /var/lib/stickshift/5214cc8250044611b1000067/app-root/data/590137/yii/framework/web/CWebApplication.php(282): CController->run('')
#21 /var/lib/stickshift/5214cc8250044611b1000067/app-root/data/590137/yii/framework/web/CWebApplication.php(141): CWebApplication->runController('')
#22 /var/lib/stickshift/5214cc8250044611b1000067/app-root/data/590137/yii/framework/base/CApplication.php(180): CWebApplication->processRequest()
#23 /var/lib/stickshift/5214cc8250044611b1000067/app-root/data/590137/index.php(13): CApplication->run()
#24 {main}
REQUEST_URI=/index.php
---
2013/08/26 10:42:01 [error] [exception.CException] exception 'CException' with message 'CAssetManager.basePath "/var/lib/stickshift/5214cc8250044611b1000067/app-root/data/590137/assets" is invalid. Please make sure the directory exists and is writable by the Web server process.' in /var/lib/stickshift/5214cc8250044611b1000067/app-root/data/590137/yii/framework/web/CAssetManager.php:138
Stack trace:
#0 /var/lib/stickshift/5214cc8250044611b1000067/app-root/data/590137/yii/framework/web/CAssetManager.php(123): CAssetManager->setBasePath('/var/lib/sticks...')
#1 /var/lib/stickshift/5214cc8250044611b1000067/app-root/data/590137/yii/framework/web/CAssetManager.php(217): CAssetManager->getBasePath()
#2 /var/lib/stickshift/5214cc8250044611b1000067/app-root/data/590137/yii/framework/zii/widgets/CListView.php(217): CAssetManager->publish('/var/lib/sticks...')
#3 /var/lib/stickshift/5214cc8250044611b1000067/app-root/data/590137/yii/framework/web/CBaseController.php(147): CListView->init()
#4 /var/lib/stickshift/5214cc8250044611b1000067/app-root/data/590137/yii/framework/web/CBaseController.php(172): CBaseController->createWidget('zii.widgets.CLi...', Array)
#5 /var/lib/stickshift/5214cc8250044611b1000067/app-root/data/590137/protected/views/post/index.php(9): CBaseController->widget('zii.widgets.CLi...', Array)
#6 /var/lib/stickshift/5214cc8250044611b1000067/app-root/data/590137/yii/framework/web/CBaseController.php(126): require('/var/lib/sticks...')
#7 /var/lib/stickshift/5214cc8250044611b1000067/app-root/data/590137/yii/framework/web/CBaseController.php(95): CBaseController->renderInternal('/var/lib/sticks...', Array, true)
#8 /var/lib/stickshift/5214cc8250044611b1000067/app-root/data/590137/yii/framework/web/CController.php(869): CBaseController->renderFile('/var/lib/sticks...', Array, true)
#9 /var/lib/stickshift/5214cc8250044611b1000067/app-root/data/590137/yii/framework/web/CController.php(782): CController->renderPartial('index', Array, true)
#10 /var/lib/stickshift/5214cc8250044611b1000067/app-root/data/590137/protected/controllers/PostController.php(136): CController->render('index', Array)
#11 /var/lib/stickshift/5214cc8250044611b1000067/app-root/data/590137/yii/framework/web/actions/CInlineAction.php(49): PostController->actionIndex()
#12 /var/lib/stickshift/5214cc8250044611b1000067/app-root/data/590137/yii/framework/web/CController.php(308): CInlineAction->runWithParams(Array)
#13 /var/lib/stickshift/5214cc8250044611b1000067/app-root/data/590137/yii/framework/web/filters/CFilterChain.php(133): CController->runAction(Object(CInlineAction))
#14 /var/lib/stickshift/5214cc8250044611b1000067/app-root/data/590137/yii/framework/web/filters/CFilter.php(40): CFilterChain->run()
#15 /var/lib/stickshift/5214cc8250044611b1000067/app-root/data/590137/yii/framework/web/CController.php(1145): CFilter->filter(Object(CFilterChain))
#16 /var/lib/stickshift/5214cc8250044611b1000067/app-root/data/590137/yii/framework/web/filters/CInlineFilter.php(58): CController->filterAccessControl(Object(CFilterChain))
#17 /var/lib/stickshift/5214cc8250044611b1000067/app-root/data/590137/yii/framework/web/filters/CFilterChain.php(130): CInlineFilter->filter(Object(CFilterChain))
#18 /var/lib/stickshift/5214cc8250044611b1000067/app-root/data/590137/yii/framework/web/CController.php(291): CFilterChain->run()
#19 /var/lib/stickshift/5214cc8250044611b1000067/app-root/data/590137/yii/framework/web/CController.php(265): CController->runActionWithFilters(Object(CInlineAction), Array)
#20 /var/lib/stickshift/5214cc8250044611b1000067/app-root/data/590137/yii/framework/web/CWebApplication.php(282): CController->run('')
#21 /var/lib/stickshift/5214cc8250044611b1000067/app-root/data/590137/yii/framework/web/CWebApplication.php(141): CWebApplication->runController('')
#22 /var/lib/stickshift/5214cc8250044611b1000067/app-root/data/590137/yii/framework/base/CApplication.php(180): CWebApplication->processRequest()
#23 /var/lib/stickshift/5214cc8250044611b1000067/app-root/data/590137/index.php(13): CApplication->run()
#24 {main}
REQUEST_URI=/index.php?r=gii
---
2013/08/26 10:44:29 [error] [exception.CException] exception 'CException' with message 'CAssetManager.basePath "/var/lib/stickshift/5214cc8250044611b1000067/app-root/data/590137/assets" is invalid. Please make sure the directory exists and is writable by the Web server process.' in /var/lib/stickshift/5214cc8250044611b1000067/app-root/data/590137/yii/framework/web/CAssetManager.php:138
Stack trace:
#0 /var/lib/stickshift/5214cc8250044611b1000067/app-root/data/590137/yii/framework/web/CAssetManager.php(123): CAssetManager->setBasePath('/var/lib/sticks...')
#1 /var/lib/stickshift/5214cc8250044611b1000067/app-root/data/590137/yii/framework/web/CAssetManager.php(217): CAssetManager->getBasePath()
#2 /var/lib/stickshift/5214cc8250044611b1000067/app-root/data/590137/yii/framework/zii/widgets/CListView.php(217): CAssetManager->publish('/var/lib/sticks...')
#3 /var/lib/stickshift/5214cc8250044611b1000067/app-root/data/590137/yii/framework/web/CBaseController.php(147): CListView->init()
#4 /var/lib/stickshift/5214cc8250044611b1000067/app-root/data/590137/yii/framework/web/CBaseController.php(172): CBaseController->createWidget('zii.widgets.CLi...', Array)
#5 /var/lib/stickshift/5214cc8250044611b1000067/app-root/data/590137/protected/views/post/index.php(9): CBaseController->widget('zii.widgets.CLi...', Array)
#6 /var/lib/stickshift/5214cc8250044611b1000067/app-root/data/590137/yii/framework/web/CBaseController.php(126): require('/var/lib/sticks...')
#7 /var/lib/stickshift/5214cc8250044611b1000067/app-root/data/590137/yii/framework/web/CBaseController.php(95): CBaseController->renderInternal('/var/lib/sticks...', Array, true)
#8 /var/lib/stickshift/5214cc8250044611b1000067/app-root/data/590137/yii/framework/web/CController.php(869): CBaseController->renderFile('/var/lib/sticks...', Array, true)
#9 /var/lib/stickshift/5214cc8250044611b1000067/app-root/data/590137/yii/framework/web/CController.php(782): CController->renderPartial('index', Array, true)
#10 /var/lib/stickshift/5214cc8250044611b1000067/app-root/data/590137/protected/controllers/PostController.php(136): CController->render('index', Array)
#11 /var/lib/stickshift/5214cc8250044611b1000067/app-root/data/590137/yii/framework/web/actions/CInlineAction.php(49): PostController->actionIndex()
#12 /var/lib/stickshift/5214cc8250044611b1000067/app-root/data/590137/yii/framework/web/CController.php(308): CInlineAction->runWithParams(Array)
#13 /var/lib/stickshift/5214cc8250044611b1000067/app-root/data/590137/yii/framework/web/filters/CFilterChain.php(133): CController->runAction(Object(CInlineAction))
#14 /var/lib/stickshift/5214cc8250044611b1000067/app-root/data/590137/yii/framework/web/filters/CFilter.php(40): CFilterChain->run()
#15 /var/lib/stickshift/5214cc8250044611b1000067/app-root/data/590137/yii/framework/web/CController.php(1145): CFilter->filter(Object(CFilterChain))
#16 /var/lib/stickshift/5214cc8250044611b1000067/app-root/data/590137/yii/framework/web/filters/CInlineFilter.php(58): CController->filterAccessControl(Object(CFilterChain))
#17 /var/lib/stickshift/5214cc8250044611b1000067/app-root/data/590137/yii/framework/web/filters/CFilterChain.php(130): CInlineFilter->filter(Object(CFilterChain))
#18 /var/lib/stickshift/5214cc8250044611b1000067/app-root/data/590137/yii/framework/web/CController.php(291): CFilterChain->run()
#19 /var/lib/stickshift/5214cc8250044611b1000067/app-root/data/590137/yii/framework/web/CController.php(265): CController->runActionWithFilters(Object(CInlineAction), Array)
#20 /var/lib/stickshift/5214cc8250044611b1000067/app-root/data/590137/yii/framework/web/CWebApplication.php(282): CController->run('')
#21 /var/lib/stickshift/5214cc8250044611b1000067/app-root/data/590137/yii/framework/web/CWebApplication.php(141): CWebApplication->runController('')
#22 /var/lib/stickshift/5214cc8250044611b1000067/app-root/data/590137/yii/framework/base/CApplication.php(180): CWebApplication->processRequest()
#23 /var/lib/stickshift/5214cc8250044611b1000067/app-root/data/590137/index.php(13): CApplication->run()
#24 {main}
REQUEST_URI=/index.php
---
2013/08/26 10:44:29 [error] [exception.CException] exception 'CException' with message 'CAssetManager.basePath "/var/lib/stickshift/5214cc8250044611b1000067/app-root/data/590137/assets" is invalid. Please make sure the directory exists and is writable by the Web server process.' in /var/lib/stickshift/5214cc8250044611b1000067/app-root/data/590137/yii/framework/web/CAssetManager.php:138
Stack trace:
#0 /var/lib/stickshift/5214cc8250044611b1000067/app-root/data/590137/yii/framework/web/CAssetManager.php(123): CAssetManager->setBasePath('/var/lib/sticks...')
#1 /var/lib/stickshift/5214cc8250044611b1000067/app-root/data/590137/yii/framework/web/CAssetManager.php(217): CAssetManager->getBasePath()
#2 /var/lib/stickshift/5214cc8250044611b1000067/app-root/data/590137/yii/framework/zii/widgets/CListView.php(217): CAssetManager->publish('/var/lib/sticks...')
#3 /var/lib/stickshift/5214cc8250044611b1000067/app-root/data/590137/yii/framework/web/CBaseController.php(147): CListView->init()
#4 /var/lib/stickshift/5214cc8250044611b1000067/app-root/data/590137/yii/framework/web/CBaseController.php(172): CBaseController->createWidget('zii.widgets.CLi...', Array)
#5 /var/lib/stickshift/5214cc8250044611b1000067/app-root/data/590137/protected/views/post/index.php(9): CBaseController->widget('zii.widgets.CLi...', Array)
#6 /var/lib/stickshift/5214cc8250044611b1000067/app-root/data/590137/yii/framework/web/CBaseController.php(126): require('/var/lib/sticks...')
#7 /var/lib/stickshift/5214cc8250044611b1000067/app-root/data/590137/yii/framework/web/CBaseController.php(95): CBaseController->renderInternal('/var/lib/sticks...', Array, true)
#8 /var/lib/stickshift/5214cc8250044611b1000067/app-root/data/590137/yii/framework/web/CController.php(869): CBaseController->renderFile('/var/lib/sticks...', Array, true)
#9 /var/lib/stickshift/5214cc8250044611b1000067/app-root/data/590137/yii/framework/web/CController.php(782): CController->renderPartial('index', Array, true)
#10 /var/lib/stickshift/5214cc8250044611b1000067/app-root/data/590137/protected/controllers/PostController.php(136): CController->render('index', Array)
#11 /var/lib/stickshift/5214cc8250044611b1000067/app-root/data/590137/yii/framework/web/actions/CInlineAction.php(49): PostController->actionIndex()
#12 /var/lib/stickshift/5214cc8250044611b1000067/app-root/data/590137/yii/framework/web/CController.php(308): CInlineAction->runWithParams(Array)
#13 /var/lib/stickshift/5214cc8250044611b1000067/app-root/data/590137/yii/framework/web/filters/CFilterChain.php(133): CController->runAction(Object(CInlineAction))
#14 /var/lib/stickshift/5214cc8250044611b1000067/app-root/data/590137/yii/framework/web/filters/CFilter.php(40): CFilterChain->run()
#15 /var/lib/stickshift/5214cc8250044611b1000067/app-root/data/590137/yii/framework/web/CController.php(1145): CFilter->filter(Object(CFilterChain))
#16 /var/lib/stickshift/5214cc8250044611b1000067/app-root/data/590137/yii/framework/web/filters/CInlineFilter.php(58): CController->filterAccessControl(Object(CFilterChain))
#17 /var/lib/stickshift/5214cc8250044611b1000067/app-root/data/590137/yii/framework/web/filters/CFilterChain.php(130): CInlineFilter->filter(Object(CFilterChain))
#18 /var/lib/stickshift/5214cc8250044611b1000067/app-root/data/590137/yii/framework/web/CController.php(291): CFilterChain->run()
#19 /var/lib/stickshift/5214cc8250044611b1000067/app-root/data/590137/yii/framework/web/CController.php(265): CController->runActionWithFilters(Object(CInlineAction), Array)
#20 /var/lib/stickshift/5214cc8250044611b1000067/app-root/data/590137/yii/framework/web/CWebApplication.php(282): CController->run('')
#21 /var/lib/stickshift/5214cc8250044611b1000067/app-root/data/590137/yii/framework/web/CWebApplication.php(141): CWebApplication->runController('')
#22 /var/lib/stickshift/5214cc8250044611b1000067/app-root/data/590137/yii/framework/base/CApplication.php(180): CWebApplication->processRequest()
#23 /var/lib/stickshift/5214cc8250044611b1000067/app-root/data/590137/index.php(13): CApplication->run()
#24 {main}
REQUEST_URI=/index.php
---
2013/08/26 10:44:44 [error] [exception.CException] exception 'CException' with message 'CAssetManager.basePath "/var/lib/stickshift/5214cc8250044611b1000067/app-root/data/590137/assets" is invalid. Please make sure the directory exists and is writable by the Web server process.' in /var/lib/stickshift/5214cc8250044611b1000067/app-root/data/590137/yii/framework/web/CAssetManager.php:138
Stack trace:
#0 /var/lib/stickshift/5214cc8250044611b1000067/app-root/data/590137/yii/framework/web/CAssetManager.php(123): CAssetManager->setBasePath('/var/lib/sticks...')
#1 /var/lib/stickshift/5214cc8250044611b1000067/app-root/data/590137/yii/framework/web/CAssetManager.php(217): CAssetManager->getBasePath()
#2 /var/lib/stickshift/5214cc8250044611b1000067/app-root/data/590137/yii/framework/zii/widgets/CListView.php(217): CAssetManager->publish('/var/lib/sticks...')
#3 /var/lib/stickshift/5214cc8250044611b1000067/app-root/data/590137/yii/framework/web/CBaseController.php(147): CListView->init()
#4 /var/lib/stickshift/5214cc8250044611b1000067/app-root/data/590137/yii/framework/web/CBaseController.php(172): CBaseController->createWidget('zii.widgets.CLi...', Array)
#5 /var/lib/stickshift/5214cc8250044611b1000067/app-root/data/590137/protected/views/post/index.php(9): CBaseController->widget('zii.widgets.CLi...', Array)
#6 /var/lib/stickshift/5214cc8250044611b1000067/app-root/data/590137/yii/framework/web/CBaseController.php(126): require('/var/lib/sticks...')
#7 /var/lib/stickshift/5214cc8250044611b1000067/app-root/data/590137/yii/framework/web/CBaseController.php(95): CBaseController->renderInternal('/var/lib/sticks...', Array, true)
#8 /var/lib/stickshift/5214cc8250044611b1000067/app-root/data/590137/yii/framework/web/CController.php(869): CBaseController->renderFile('/var/lib/sticks...', Array, true)
#9 /var/lib/stickshift/5214cc8250044611b1000067/app-root/data/590137/yii/framework/web/CController.php(782): CController->renderPartial('index', Array, true)
#10 /var/lib/stickshift/5214cc8250044611b1000067/app-root/data/590137/protected/controllers/PostController.php(136): CController->render('index', Array)
#11 /var/lib/stickshift/5214cc8250044611b1000067/app-root/data/590137/yii/framework/web/actions/CInlineAction.php(49): PostController->actionIndex()
#12 /var/lib/stickshift/5214cc8250044611b1000067/app-root/data/590137/yii/framework/web/CController.php(308): CInlineAction->runWithParams(Array)
#13 /var/lib/stickshift/5214cc8250044611b1000067/app-root/data/590137/yii/framework/web/filters/CFilterChain.php(133): CController->runAction(Object(CInlineAction))
#14 /var/lib/stickshift/5214cc8250044611b1000067/app-root/data/590137/yii/framework/web/filters/CFilter.php(40): CFilterChain->run()
#15 /var/lib/stickshift/5214cc8250044611b1000067/app-root/data/590137/yii/framework/web/CController.php(1145): CFilter->filter(Object(CFilterChain))
#16 /var/lib/stickshift/5214cc8250044611b1000067/app-root/data/590137/yii/framework/web/filters/CInlineFilter.php(58): CController->filterAccessControl(Object(CFilterChain))
#17 /var/lib/stickshift/5214cc8250044611b1000067/app-root/data/590137/yii/framework/web/filters/CFilterChain.php(130): CInlineFilter->filter(Object(CFilterChain))
#18 /var/lib/stickshift/5214cc8250044611b1000067/app-root/data/590137/yii/framework/web/CController.php(291): CFilterChain->run()
#19 /var/lib/stickshift/5214cc8250044611b1000067/app-root/data/590137/yii/framework/web/CController.php(265): CController->runActionWithFilters(Object(CInlineAction), Array)
#20 /var/lib/stickshift/5214cc8250044611b1000067/app-root/data/590137/yii/framework/web/CWebApplication.php(282): CController->run('')
#21 /var/lib/stickshift/5214cc8250044611b1000067/app-root/data/590137/yii/framework/web/CWebApplication.php(141): CWebApplication->runController('')
#22 /var/lib/stickshift/5214cc8250044611b1000067/app-root/data/590137/yii/framework/base/CApplication.php(180): CWebApplication->processRequest()
#23 /var/lib/stickshift/5214cc8250044611b1000067/app-root/data/590137/index.php(13): CApplication->run()
#24 {main}
REQUEST_URI=/index.php
---
2013/08/26 10:46:35 [error] [php] date(): It is not safe to rely on the system's timezone settings. You are *required* to use the date.timezone setting or the date_default_timezone_set() function. In case you used any of those methods and you are still getting this warning, you most likely misspelled the timezone identifier. We selected 'America/New_York' for 'EDT/-4.0/DST' instead (/var/lib/stickshift/5214cc8250044611b1000067/app-root/data/590137/protected/views/post/_view.php:6)
Stack trace:
#0 /var/lib/stickshift/5214cc8250044611b1000067/app-root/data/590137/yii/framework/web/CBaseController.php(95): PostController->renderInternal()
#1 /var/lib/stickshift/5214cc8250044611b1000067/app-root/data/590137/yii/framework/zii/widgets/CListView.php(291): PostController->renderFile()
#2 /var/lib/stickshift/5214cc8250044611b1000067/app-root/data/590137/yii/framework/zii/widgets/CBaseListView.php(167): CListView->renderItems()
#3 unknown(0): CListView->renderSection()
#4 /var/lib/stickshift/5214cc8250044611b1000067/app-root/data/590137/yii/framework/zii/widgets/CBaseListView.php(150): preg_replace_callback()
#5 /var/lib/stickshift/5214cc8250044611b1000067/app-root/data/590137/yii/framework/zii/widgets/CBaseListView.php(135): CListView->renderContent()
#6 /var/lib/stickshift/5214cc8250044611b1000067/app-root/data/590137/yii/framework/web/CBaseController.php(173): CListView->run()
#7 /var/lib/stickshift/5214cc8250044611b1000067/app-root/data/590137/protected/views/post/index.php(9): PostController->widget()
#8 /var/lib/stickshift/5214cc8250044611b1000067/app-root/data/590137/yii/framework/web/CBaseController.php(126): require()
#9 /var/lib/stickshift/5214cc8250044611b1000067/app-root/data/590137/yii/framework/web/CBaseController.php(95): PostController->renderInternal()
#10 /var/lib/stickshift/5214cc8250044611b1000067/app-root/data/590137/yii/framework/web/CController.php(869): PostController->renderFile()
#11 /var/lib/stickshift/5214cc8250044611b1000067/app-root/data/590137/yii/framework/web/CController.php(782): PostController->renderPartial()
#12 /var/lib/stickshift/5214cc8250044611b1000067/app-root/data/590137/protected/controllers/PostController.php(136): PostController->render()
#13 /var/lib/stickshift/5214cc8250044611b1000067/app-root/data/590137/yii/framework/web/actions/CInlineAction.php(49): PostController->actionIndex()
#14 /var/lib/stickshift/5214cc8250044611b1000067/app-root/data/590137/yii/framework/web/CController.php(308): CInlineAction->runWithParams()
#15 /var/lib/stickshift/5214cc8250044611b1000067/app-root/data/590137/yii/framework/web/filters/CFilterChain.php(133): PostController->runAction()
#16 /var/lib/stickshift/5214cc8250044611b1000067/app-root/data/590137/yii/framework/web/filters/CFilter.php(40): CFilterChain->run()
#17 /var/lib/stickshift/5214cc8250044611b1000067/app-root/data/590137/yii/framework/web/CController.php(1145): CAccessControlFilter->filter()
#18 /var/lib/stickshift/5214cc8250044611b1000067/app-root/data/590137/yii/framework/web/filters/CInlineFilter.php(58): PostController->filterAccessControl()
#19 /var/lib/stickshift/5214cc8250044611b1000067/app-root/data/590137/yii/framework/web/filters/CFilterChain.php(130): CInlineFilter->filter()
#20 /var/lib/stickshift/5214cc8250044611b1000067/app-root/data/590137/yii/framework/web/CController.php(291): CFilterChain->run()
#21 /var/lib/stickshift/5214cc8250044611b1000067/app-root/data/590137/yii/framework/web/CController.php(265): PostController->runActionWithFilters()
#22 /var/lib/stickshift/5214cc8250044611b1000067/app-root/data/590137/yii/framework/web/CWebApplication.php(282): PostController->run()
#23 /var/lib/stickshift/5214cc8250044611b1000067/app-root/data/590137/yii/framework/web/CWebApplication.php(141): CWebApplication->runController()
#24 /var/lib/stickshift/5214cc8250044611b1000067/app-root/data/590137/yii/framework/base/CApplication.php(180): CWebApplication->processRequest()
#25 /var/lib/stickshift/5214cc8250044611b1000067/app-root/data/590137/index.php(13): CWebApplication->run()
REQUEST_URI=/index.php
2013/08/26 10:46:36 [error] [php] date(): It is not safe to rely on the system's timezone settings. You are *required* to use the date.timezone setting or the date_default_timezone_set() function. In case you used any of those methods and you are still getting this warning, you most likely misspelled the timezone identifier. We selected 'America/New_York' for 'EDT/-4.0/DST' instead (/var/lib/stickshift/5214cc8250044611b1000067/app-root/data/590137/protected/views/post/_view.php:6)
Stack trace:
#0 /var/lib/stickshift/5214cc8250044611b1000067/app-root/data/590137/yii/framework/web/CBaseController.php(95): PostController->renderInternal()
#1 /var/lib/stickshift/5214cc8250044611b1000067/app-root/data/590137/yii/framework/zii/widgets/CListView.php(291): PostController->renderFile()
#2 /var/lib/stickshift/5214cc8250044611b1000067/app-root/data/590137/yii/framework/zii/widgets/CBaseListView.php(167): CListView->renderItems()
#3 unknown(0): CListView->renderSection()
#4 /var/lib/stickshift/5214cc8250044611b1000067/app-root/data/590137/yii/framework/zii/widgets/CBaseListView.php(150): preg_replace_callback()
#5 /var/lib/stickshift/5214cc8250044611b1000067/app-root/data/590137/yii/framework/zii/widgets/CBaseListView.php(135): CListView->renderContent()
#6 /var/lib/stickshift/5214cc8250044611b1000067/app-root/data/590137/yii/framework/web/CBaseController.php(173): CListView->run()
#7 /var/lib/stickshift/5214cc8250044611b1000067/app-root/data/590137/protected/views/post/index.php(9): PostController->widget()
#8 /var/lib/stickshift/5214cc8250044611b1000067/app-root/data/590137/yii/framework/web/CBaseController.php(126): require()
#9 /var/lib/stickshift/5214cc8250044611b1000067/app-root/data/590137/yii/framework/web/CBaseController.php(95): PostController->renderInternal()
#10 /var/lib/stickshift/5214cc8250044611b1000067/app-root/data/590137/yii/framework/web/CController.php(869): PostController->renderFile()
#11 /var/lib/stickshift/5214cc8250044611b1000067/app-root/data/590137/yii/framework/web/CController.php(782): PostController->renderPartial()
#12 /var/lib/stickshift/5214cc8250044611b1000067/app-root/data/590137/protected/controllers/PostController.php(136): PostController->render()
#13 /var/lib/stickshift/5214cc8250044611b1000067/app-root/data/590137/yii/framework/web/actions/CInlineAction.php(49): PostController->actionIndex()
#14 /var/lib/stickshift/5214cc8250044611b1000067/app-root/data/590137/yii/framework/web/CController.php(308): CInlineAction->runWithParams()
#15 /var/lib/stickshift/5214cc8250044611b1000067/app-root/data/590137/yii/framework/web/filters/CFilterChain.php(133): PostController->runAction()
#16 /var/lib/stickshift/5214cc8250044611b1000067/app-root/data/590137/yii/framework/web/filters/CFilter.php(40): CFilterChain->run()
#17 /var/lib/stickshift/5214cc8250044611b1000067/app-root/data/590137/yii/framework/web/CController.php(1145): CAccessControlFilter->filter()
#18 /var/lib/stickshift/5214cc8250044611b1000067/app-root/data/590137/yii/framework/web/filters/CInlineFilter.php(58): PostController->filterAccessControl()
#19 /var/lib/stickshift/5214cc8250044611b1000067/app-root/data/590137/yii/framework/web/filters/CFilterChain.php(130): CInlineFilter->filter()
#20 /var/lib/stickshift/5214cc8250044611b1000067/app-root/data/590137/yii/framework/web/CController.php(291): CFilterChain->run()
#21 /var/lib/stickshift/5214cc8250044611b1000067/app-root/data/590137/yii/framework/web/CController.php(265): PostController->runActionWithFilters()
#22 /var/lib/stickshift/5214cc8250044611b1000067/app-root/data/590137/yii/framework/web/CWebApplication.php(282): PostController->run()
#23 /var/lib/stickshift/5214cc8250044611b1000067/app-root/data/590137/yii/framework/web/CWebApplication.php(141): CWebApplication->runController()
#24 /var/lib/stickshift/5214cc8250044611b1000067/app-root/data/590137/yii/framework/base/CApplication.php(180): CWebApplication->processRequest()
#25 /var/lib/stickshift/5214cc8250044611b1000067/app-root/data/590137/index.php(13): CWebApplication->run()
REQUEST_URI=/index.php
2013/08/26 10:49:24 [error] [php] date(): It is not safe to rely on the system's timezone settings. You are *required* to use the date.timezone setting or the date_default_timezone_set() function. In case you used any of those methods and you are still getting this warning, you most likely misspelled the timezone identifier. We selected 'America/New_York' for 'EDT/-4.0/DST' instead (/var/lib/stickshift/5214cc8250044611b1000067/app-root/data/590137/protected/views/post/_view.php:6)
Stack trace:
#0 /var/lib/stickshift/5214cc8250044611b1000067/app-root/data/590137/yii/framework/web/CBaseController.php(95): PostController->renderInternal()
#1 /var/lib/stickshift/5214cc8250044611b1000067/app-root/data/590137/yii/framework/zii/widgets/CListView.php(291): PostController->renderFile()
#2 /var/lib/stickshift/5214cc8250044611b1000067/app-root/data/590137/yii/framework/zii/widgets/CBaseListView.php(167): CListView->renderItems()
#3 unknown(0): CListView->renderSection()
#4 /var/lib/stickshift/5214cc8250044611b1000067/app-root/data/590137/yii/framework/zii/widgets/CBaseListView.php(150): preg_replace_callback()
#5 /var/lib/stickshift/5214cc8250044611b1000067/app-root/data/590137/yii/framework/zii/widgets/CBaseListView.php(135): CListView->renderContent()
#6 /var/lib/stickshift/5214cc8250044611b1000067/app-root/data/590137/yii/framework/web/CBaseController.php(173): CListView->run()
#7 /var/lib/stickshift/5214cc8250044611b1000067/app-root/data/590137/protected/views/post/index.php(9): PostController->widget()
#8 /var/lib/stickshift/5214cc8250044611b1000067/app-root/data/590137/yii/framework/web/CBaseController.php(126): require()
#9 /var/lib/stickshift/5214cc8250044611b1000067/app-root/data/590137/yii/framework/web/CBaseController.php(95): PostController->renderInternal()
#10 /var/lib/stickshift/5214cc8250044611b1000067/app-root/data/590137/yii/framework/web/CController.php(869): PostController->renderFile()
#11 /var/lib/stickshift/5214cc8250044611b1000067/app-root/data/590137/yii/framework/web/CController.php(782): PostController->renderPartial()
#12 /var/lib/stickshift/5214cc8250044611b1000067/app-root/data/590137/protected/controllers/PostController.php(136): PostController->render()
#13 /var/lib/stickshift/5214cc8250044611b1000067/app-root/data/590137/yii/framework/web/actions/CInlineAction.php(49): PostController->actionIndex()
#14 /var/lib/stickshift/5214cc8250044611b1000067/app-root/data/590137/yii/framework/web/CController.php(308): CInlineAction->runWithParams()
#15 /var/lib/stickshift/5214cc8250044611b1000067/app-root/data/590137/yii/framework/web/filters/CFilterChain.php(133): PostController->runAction()
#16 /var/lib/stickshift/5214cc8250044611b1000067/app-root/data/590137/yii/framework/web/filters/CFilter.php(40): CFilterChain->run()
#17 /var/lib/stickshift/5214cc8250044611b1000067/app-root/data/590137/yii/framework/web/CController.php(1145): CAccessControlFilter->filter()
#18 /var/lib/stickshift/5214cc8250044611b1000067/app-root/data/590137/yii/framework/web/filters/CInlineFilter.php(58): PostController->filterAccessControl()
#19 /var/lib/stickshift/5214cc8250044611b1000067/app-root/data/590137/yii/framework/web/filters/CFilterChain.php(130): CInlineFilter->filter()
#20 /var/lib/stickshift/5214cc8250044611b1000067/app-root/data/590137/yii/framework/web/CController.php(291): CFilterChain->run()
#21 /var/lib/stickshift/5214cc8250044611b1000067/app-root/data/590137/yii/framework/web/CController.php(265): PostController->runActionWithFilters()
#22 /var/lib/stickshift/5214cc8250044611b1000067/app-root/data/590137/yii/framework/web/CWebApplication.php(282): PostController->run()
#23 /var/lib/stickshift/5214cc8250044611b1000067/app-root/data/590137/yii/framework/web/CWebApplication.php(141): CWebApplication->runController()
#24 /var/lib/stickshift/5214cc8250044611b1000067/app-root/data/590137/yii/framework/base/CApplication.php(180): CWebApplication->processRequest()
#25 /var/lib/stickshift/5214cc8250044611b1000067/app-root/data/590137/index.php(13): CWebApplication->run()
REQUEST_URI=/index.php
2013/08/26 10:49:24 [error] [php] date(): It is not safe to rely on the system's timezone settings. You are *required* to use the date.timezone setting or the date_default_timezone_set() function. In case you used any of those methods and you are still getting this warning, you most likely misspelled the timezone identifier. We selected 'America/New_York' for 'EDT/-4.0/DST' instead (/var/lib/stickshift/5214cc8250044611b1000067/app-root/data/590137/protected/views/post/_view.php:6)
Stack trace:
#0 /var/lib/stickshift/5214cc8250044611b1000067/app-root/data/590137/yii/framework/web/CBaseController.php(95): PostController->renderInternal()
#1 /var/lib/stickshift/5214cc8250044611b1000067/app-root/data/590137/yii/framework/zii/widgets/CListView.php(291): PostController->renderFile()
#2 /var/lib/stickshift/5214cc8250044611b1000067/app-root/data/590137/yii/framework/zii/widgets/CBaseListView.php(167): CListView->renderItems()
#3 unknown(0): CListView->renderSection()
#4 /var/lib/stickshift/5214cc8250044611b1000067/app-root/data/590137/yii/framework/zii/widgets/CBaseListView.php(150): preg_replace_callback()
#5 /var/lib/stickshift/5214cc8250044611b1000067/app-root/data/590137/yii/framework/zii/widgets/CBaseListView.php(135): CListView->renderContent()
#6 /var/lib/stickshift/5214cc8250044611b1000067/app-root/data/590137/yii/framework/web/CBaseController.php(173): CListView->run()
#7 /var/lib/stickshift/5214cc8250044611b1000067/app-root/data/590137/protected/views/post/index.php(9): PostController->widget()
#8 /var/lib/stickshift/5214cc8250044611b1000067/app-root/data/590137/yii/framework/web/CBaseController.php(126): require()
#9 /var/lib/stickshift/5214cc8250044611b1000067/app-root/data/590137/yii/framework/web/CBaseController.php(95): PostController->renderInternal()
#10 /var/lib/stickshift/5214cc8250044611b1000067/app-root/data/590137/yii/framework/web/CController.php(869): PostController->renderFile()
#11 /var/lib/stickshift/5214cc8250044611b1000067/app-root/data/590137/yii/framework/web/CController.php(782): PostController->renderPartial()
#12 /var/lib/stickshift/5214cc8250044611b1000067/app-root/data/590137/protected/controllers/PostController.php(136): PostController->render()
#13 /var/lib/stickshift/5214cc8250044611b1000067/app-root/data/590137/yii/framework/web/actions/CInlineAction.php(49): PostController->actionIndex()
#14 /var/lib/stickshift/5214cc8250044611b1000067/app-root/data/590137/yii/framework/web/CController.php(308): CInlineAction->runWithParams()
#15 /var/lib/stickshift/5214cc8250044611b1000067/app-root/data/590137/yii/framework/web/filters/CFilterChain.php(133): PostController->runAction()
#16 /var/lib/stickshift/5214cc8250044611b1000067/app-root/data/590137/yii/framework/web/filters/CFilter.php(40): CFilterChain->run()
#17 /var/lib/stickshift/5214cc8250044611b1000067/app-root/data/590137/yii/framework/web/CController.php(1145): CAccessControlFilter->filter()
#18 /var/lib/stickshift/5214cc8250044611b1000067/app-root/data/590137/yii/framework/web/filters/CInlineFilter.php(58): PostController->filterAccessControl()
#19 /var/lib/stickshift/5214cc8250044611b1000067/app-root/data/590137/yii/framework/web/filters/CFilterChain.php(130): CInlineFilter->filter()
#20 /var/lib/stickshift/5214cc8250044611b1000067/app-root/data/590137/yii/framework/web/CController.php(291): CFilterChain->run()
#21 /var/lib/stickshift/5214cc8250044611b1000067/app-root/data/590137/yii/framework/web/CController.php(265): PostController->runActionWithFilters()
#22 /var/lib/stickshift/5214cc8250044611b1000067/app-root/data/590137/yii/framework/web/CWebApplication.php(282): PostController->run()
#23 /var/lib/stickshift/5214cc8250044611b1000067/app-root/data/590137/yii/framework/web/CWebApplication.php(141): CWebApplication->runController()
#24 /var/lib/stickshift/5214cc8250044611b1000067/app-root/data/590137/yii/framework/base/CApplication.php(180): CWebApplication->processRequest()
#25 /var/lib/stickshift/5214cc8250044611b1000067/app-root/data/590137/index.php(13): CWebApplication->run()
REQUEST_URI=/index.php
2013/08/26 10:49:30 [error] [php] date(): It is not safe to rely on the system's timezone settings. You are *required* to use the date.timezone setting or the date_default_timezone_set() function. In case you used any of those methods and you are still getting this warning, you most likely misspelled the timezone identifier. We selected 'America/New_York' for 'EDT/-4.0/DST' instead (/var/lib/stickshift/5214cc8250044611b1000067/app-root/data/590137/protected/views/post/_view.php:6)
Stack trace:
#0 /var/lib/stickshift/5214cc8250044611b1000067/app-root/data/590137/yii/framework/web/CBaseController.php(95): PostController->renderInternal()
#1 /var/lib/stickshift/5214cc8250044611b1000067/app-root/data/590137/yii/framework/zii/widgets/CListView.php(291): PostController->renderFile()
#2 /var/lib/stickshift/5214cc8250044611b1000067/app-root/data/590137/yii/framework/zii/widgets/CBaseListView.php(167): CListView->renderItems()
#3 unknown(0): CListView->renderSection()
#4 /var/lib/stickshift/5214cc8250044611b1000067/app-root/data/590137/yii/framework/zii/widgets/CBaseListView.php(150): preg_replace_callback()
#5 /var/lib/stickshift/5214cc8250044611b1000067/app-root/data/590137/yii/framework/zii/widgets/CBaseListView.php(135): CListView->renderContent()
#6 /var/lib/stickshift/5214cc8250044611b1000067/app-root/data/590137/yii/framework/web/CBaseController.php(173): CListView->run()
#7 /var/lib/stickshift/5214cc8250044611b1000067/app-root/data/590137/protected/views/post/index.php(9): PostController->widget()
#8 /var/lib/stickshift/5214cc8250044611b1000067/app-root/data/590137/yii/framework/web/CBaseController.php(126): require()
#9 /var/lib/stickshift/5214cc8250044611b1000067/app-root/data/590137/yii/framework/web/CBaseController.php(95): PostController->renderInternal()
#10 /var/lib/stickshift/5214cc8250044611b1000067/app-root/data/590137/yii/framework/web/CController.php(869): PostController->renderFile()
#11 /var/lib/stickshift/5214cc8250044611b1000067/app-root/data/590137/yii/framework/web/CController.php(782): PostController->renderPartial()
#12 /var/lib/stickshift/5214cc8250044611b1000067/app-root/data/590137/protected/controllers/PostController.php(136): PostController->render()
#13 /var/lib/stickshift/5214cc8250044611b1000067/app-root/data/590137/yii/framework/web/actions/CInlineAction.php(49): PostController->actionIndex()
#14 /var/lib/stickshift/5214cc8250044611b1000067/app-root/data/590137/yii/framework/web/CController.php(308): CInlineAction->runWithParams()
#15 /var/lib/stickshift/5214cc8250044611b1000067/app-root/data/590137/yii/framework/web/filters/CFilterChain.php(133): PostController->runAction()
#16 /var/lib/stickshift/5214cc8250044611b1000067/app-root/data/590137/yii/framework/web/filters/CFilter.php(40): CFilterChain->run()
#17 /var/lib/stickshift/5214cc8250044611b1000067/app-root/data/590137/yii/framework/web/CController.php(1145): CAccessControlFilter->filter()
#18 /var/lib/stickshift/5214cc8250044611b1000067/app-root/data/590137/yii/framework/web/filters/CInlineFilter.php(58): PostController->filterAccessControl()
#19 /var/lib/stickshift/5214cc8250044611b1000067/app-root/data/590137/yii/framework/web/filters/CFilterChain.php(130): CInlineFilter->filter()
#20 /var/lib/stickshift/5214cc8250044611b1000067/app-root/data/590137/yii/framework/web/CController.php(291): CFilterChain->run()
#21 /var/lib/stickshift/5214cc8250044611b1000067/app-root/data/590137/yii/framework/web/CController.php(265): PostController->runActionWithFilters()
#22 /var/lib/stickshift/5214cc8250044611b1000067/app-root/data/590137/yii/framework/web/CWebApplication.php(282): PostController->run()
#23 /var/lib/stickshift/5214cc8250044611b1000067/app-root/data/590137/yii/framework/web/CWebApplication.php(141): CWebApplication->runController()
#24 /var/lib/stickshift/5214cc8250044611b1000067/app-root/data/590137/yii/framework/base/CApplication.php(180): CWebApplication->processRequest()
#25 /var/lib/stickshift/5214cc8250044611b1000067/app-root/data/590137/index.php(13): CWebApplication->run()
REQUEST_URI=/index.php?r=gii
2013/08/26 11:11:47 [error] [php] date(): It is not safe to rely on the system's timezone settings. You are *required* to use the date.timezone setting or the date_default_timezone_set() function. In case you used any of those methods and you are still getting this warning, you most likely misspelled the timezone identifier. We selected 'America/New_York' for 'EDT/-4.0/DST' instead (/var/lib/stickshift/5214cc8250044611b1000067/app-root/data/590137/protected/views/post/_view.php:6)
Stack trace:
#0 /var/lib/stickshift/5214cc8250044611b1000067/app-root/data/590137/yii/framework/web/CBaseController.php(95): PostController->renderInternal()
#1 /var/lib/stickshift/5214cc8250044611b1000067/app-root/data/590137/yii/framework/zii/widgets/CListView.php(291): PostController->renderFile()
#2 /var/lib/stickshift/5214cc8250044611b1000067/app-root/data/590137/yii/framework/zii/widgets/CBaseListView.php(167): CListView->renderItems()
#3 unknown(0): CListView->renderSection()
#4 /var/lib/stickshift/5214cc8250044611b1000067/app-root/data/590137/yii/framework/zii/widgets/CBaseListView.php(150): preg_replace_callback()
#5 /var/lib/stickshift/5214cc8250044611b1000067/app-root/data/590137/yii/framework/zii/widgets/CBaseListView.php(135): CListView->renderContent()
#6 /var/lib/stickshift/5214cc8250044611b1000067/app-root/data/590137/yii/framework/web/CBaseController.php(173): CListView->run()
#7 /var/lib/stickshift/5214cc8250044611b1000067/app-root/data/590137/protected/views/post/index.php(9): PostController->widget()
#8 /var/lib/stickshift/5214cc8250044611b1000067/app-root/data/590137/yii/framework/web/CBaseController.php(126): require()
#9 /var/lib/stickshift/5214cc8250044611b1000067/app-root/data/590137/yii/framework/web/CBaseController.php(95): PostController->renderInternal()
#10 /var/lib/stickshift/5214cc8250044611b1000067/app-root/data/590137/yii/framework/web/CController.php(869): PostController->renderFile()
#11 /var/lib/stickshift/5214cc8250044611b1000067/app-root/data/590137/yii/framework/web/CController.php(782): PostController->renderPartial()
#12 /var/lib/stickshift/5214cc8250044611b1000067/app-root/data/590137/protected/controllers/PostController.php(136): PostController->render()
#13 /var/lib/stickshift/5214cc8250044611b1000067/app-root/data/590137/yii/framework/web/actions/CInlineAction.php(49): PostController->actionIndex()
#14 /var/lib/stickshift/5214cc8250044611b1000067/app-root/data/590137/yii/framework/web/CController.php(308): CInlineAction->runWithParams()
#15 /var/lib/stickshift/5214cc8250044611b1000067/app-root/data/590137/yii/framework/web/filters/CFilterChain.php(133): PostController->runAction()
#16 /var/lib/stickshift/5214cc8250044611b1000067/app-root/data/590137/yii/framework/web/filters/CFilter.php(40): CFilterChain->run()
#17 /var/lib/stickshift/5214cc8250044611b1000067/app-root/data/590137/yii/framework/web/CController.php(1145): CAccessControlFilter->filter()
#18 /var/lib/stickshift/5214cc8250044611b1000067/app-root/data/590137/yii/framework/web/filters/CInlineFilter.php(58): PostController->filterAccessControl()
#19 /var/lib/stickshift/5214cc8250044611b1000067/app-root/data/590137/yii/framework/web/filters/CFilterChain.php(130): CInlineFilter->filter()
#20 /var/lib/stickshift/5214cc8250044611b1000067/app-root/data/590137/yii/framework/web/CController.php(291): CFilterChain->run()
#21 /var/lib/stickshift/5214cc8250044611b1000067/app-root/data/590137/yii/framework/web/CController.php(265): PostController->runActionWithFilters()
#22 /var/lib/stickshift/5214cc8250044611b1000067/app-root/data/590137/yii/framework/web/CWebApplication.php(282): PostController->run()
#23 /var/lib/stickshift/5214cc8250044611b1000067/app-root/data/590137/yii/framework/web/CWebApplication.php(141): CWebApplication->runController()
#24 /var/lib/stickshift/5214cc8250044611b1000067/app-root/data/590137/yii/framework/base/CApplication.php(180): CWebApplication->processRequest()
#25 /var/lib/stickshift/5214cc8250044611b1000067/app-root/data/590137/index.php(13): CWebApplication->run()
REQUEST_URI=/
2013/08/26 11:11:47 [error] [php] date(): It is not safe to rely on the system's timezone settings. You are *required* to use the date.timezone setting or the date_default_timezone_set() function. In case you used any of those methods and you are still getting this warning, you most likely misspelled the timezone identifier. We selected 'America/New_York' for 'EDT/-4.0/DST' instead (/var/lib/stickshift/5214cc8250044611b1000067/app-root/data/590137/protected/views/post/_view.php:6)
Stack trace:
#0 /var/lib/stickshift/5214cc8250044611b1000067/app-root/data/590137/yii/framework/web/CBaseController.php(95): PostController->renderInternal()
#1 /var/lib/stickshift/5214cc8250044611b1000067/app-root/data/590137/yii/framework/zii/widgets/CListView.php(291): PostController->renderFile()
#2 /var/lib/stickshift/5214cc8250044611b1000067/app-root/data/590137/yii/framework/zii/widgets/CBaseListView.php(167): CListView->renderItems()
#3 unknown(0): CListView->renderSection()
#4 /var/lib/stickshift/5214cc8250044611b1000067/app-root/data/590137/yii/framework/zii/widgets/CBaseListView.php(150): preg_replace_callback()
#5 /var/lib/stickshift/5214cc8250044611b1000067/app-root/data/590137/yii/framework/zii/widgets/CBaseListView.php(135): CListView->renderContent()
#6 /var/lib/stickshift/5214cc8250044611b1000067/app-root/data/590137/yii/framework/web/CBaseController.php(173): CListView->run()
#7 /var/lib/stickshift/5214cc8250044611b1000067/app-root/data/590137/protected/views/post/index.php(9): PostController->widget()
#8 /var/lib/stickshift/5214cc8250044611b1000067/app-root/data/590137/yii/framework/web/CBaseController.php(126): require()
#9 /var/lib/stickshift/5214cc8250044611b1000067/app-root/data/590137/yii/framework/web/CBaseController.php(95): PostController->renderInternal()
#10 /var/lib/stickshift/5214cc8250044611b1000067/app-root/data/590137/yii/framework/web/CController.php(869): PostController->renderFile()
#11 /var/lib/stickshift/5214cc8250044611b1000067/app-root/data/590137/yii/framework/web/CController.php(782): PostController->renderPartial()
#12 /var/lib/stickshift/5214cc8250044611b1000067/app-root/data/590137/protected/controllers/PostController.php(136): PostController->render()
#13 /var/lib/stickshift/5214cc8250044611b1000067/app-root/data/590137/yii/framework/web/actions/CInlineAction.php(49): PostController->actionIndex()
#14 /var/lib/stickshift/5214cc8250044611b1000067/app-root/data/590137/yii/framework/web/CController.php(308): CInlineAction->runWithParams()
#15 /var/lib/stickshift/5214cc8250044611b1000067/app-root/data/590137/yii/framework/web/filters/CFilterChain.php(133): PostController->runAction()
#16 /var/lib/stickshift/5214cc8250044611b1000067/app-root/data/590137/yii/framework/web/filters/CFilter.php(40): CFilterChain->run()
#17 /var/lib/stickshift/5214cc8250044611b1000067/app-root/data/590137/yii/framework/web/CController.php(1145): CAccessControlFilter->filter()
#18 /var/lib/stickshift/5214cc8250044611b1000067/app-root/data/590137/yii/framework/web/filters/CInlineFilter.php(58): PostController->filterAccessControl()
#19 /var/lib/stickshift/5214cc8250044611b1000067/app-root/data/590137/yii/framework/web/filters/CFilterChain.php(130): CInlineFilter->filter()
#20 /var/lib/stickshift/5214cc8250044611b1000067/app-root/data/590137/yii/framework/web/CController.php(291): CFilterChain->run()
#21 /var/lib/stickshift/5214cc8250044611b1000067/app-root/data/590137/yii/framework/web/CController.php(265): PostController->runActionWithFilters()
#22 /var/lib/stickshift/5214cc8250044611b1000067/app-root/data/590137/yii/framework/web/CWebApplication.php(282): PostController->run()
#23 /var/lib/stickshift/5214cc8250044611b1000067/app-root/data/590137/yii/framework/web/CWebApplication.php(141): CWebApplication->runController()
#24 /var/lib/stickshift/5214cc8250044611b1000067/app-root/data/590137/yii/framework/base/CApplication.php(180): CWebApplication->processRequest()
#25 /var/lib/stickshift/5214cc8250044611b1000067/app-root/data/590137/index.php(13): CWebApplication->run()
REQUEST_URI=/
